<?xml version="1.0" encoding="UTF-8"?>
<testsuite name="CPTask4Tests" tests="1" skipped="0" failures="0" errors="0" timestamp="2022-12-08T23:55:31" hostname="DESKTOP-OUBC3GQ" time="0.662">
  <properties/>
  <testcase name="uploadTest()" classname="CPTask4Tests" time="0.662"/>
  <system-out><![CDATA[01:55:31.679 [Test worker] DEBUG reactor.util.Loggers - Using Slf4j logging framework
]]></system-out>
  <system-err><![CDATA[]]></system-err>
</testsuite>
