<?xml version="1.0" encoding="UTF-8"?>
<testsuite name="ResilienceTask2Tests" tests="3" skipped="0" failures="0" errors="0" timestamp="2022-11-26T03:11:45" hostname="DESKTOP-OUBC3GQ" time="0.274">
  <properties/>
  <testcase name="testSolution()" classname="ResilienceTask2Tests" time="0.269"/>
  <testcase name="testSolution1()" classname="ResilienceTask2Tests" time="0.002"/>
  <testcase name="testSolution2()" classname="ResilienceTask2Tests" time="0.002"/>
  <system-out><![CDATA[05:11:46.101 [Test worker] DEBUG reactor.util.Loggers - Using Slf4j logging framework
]]></system-out>
  <system-err><![CDATA[]]></system-err>
</testsuite>
