<?xml version="1.0" encoding="UTF-8"?>
<testsuite name="ContextTask2Tests" tests="1" skipped="0" failures="0" errors="0" timestamp="2022-11-26T03:05:48" hostname="DESKTOP-OUBC3GQ" time="0.651">
  <properties/>
  <testcase name="testSolution()" classname="ContextTask2Tests" time="0.651"/>
  <system-out><![CDATA[05:05:49.062 [Test worker] DEBUG reactor.util.Loggers - Using Slf4j logging framework
]]></system-out>
  <system-err><![CDATA[]]></system-err>
</testsuite>
