<?xml version="1.0" encoding="UTF-8"?>
<testsuite name="service.impl.TradeServiceTests" tests="1" skipped="0" failures="0" errors="0" timestamp="2022-12-09T00:21:18" hostname="DESKTOP-OUBC3GQ" time="1.775">
  <properties/>
  <testcase name="tradeServiceTest()" classname="service.impl.TradeServiceTests" time="1.775"/>
  <system-out><![CDATA[02:21:18.848 [Test worker] DEBUG reactor.util.Loggers - Using Slf4j logging framework
02:21:20.113 [Test worker] WARN trade-service - .buffer(Duration.ofMillis(100)) onNext([])
02:21:20.122 [Test worker] WARN trade-service - .buffer(Duration.ofMillis(100)) onNext([Trade{id=1, timestamp=1, price=1.0, amount=1.0, currency='test', market='test'}, Trade{id=2, timestamp=1, price=1.0, amount=1.0, currency='test', market='test'}, Trade{id=3, timestamp=1, price=1.0, amount=1.0, currency='test', market='test'}, Trade{id=4, timestamp=1, price=1.0, amount=1.0, currency='test', market='test'}])
02:21:20.356 [Test worker] WARN trade-service - .buffer(Duration.ofMillis(100)) onNext([])
02:21:20.357 [Test worker] WARN trade-service - .buffer(Duration.ofMillis(100)) onNext([Trade{id=1, timestamp=1, price=1.0, amount=1.0, currency='test', market='test'}, Trade{id=2, timestamp=1, price=1.0, amount=1.0, currency='test', market='test'}, Trade{id=3, timestamp=1, price=1.0, amount=1.0, currency='test', market='test'}, Trade{id=4, timestamp=1, price=1.0, amount=1.0, currency='test', market='test'}])
02:21:20.361 [Test worker] WARN trade-service - .buffer(Duration.ofMillis(100)) onNext([])
02:21:20.377 [Test worker] WARN trade-service - .buffer(Duration.ofMillis(100)) onNext([])
02:21:20.389 [Test worker] WARN trade-service - .buffer(Duration.ofMillis(100)) onNext([Trade{id=5, timestamp=1, price=1.0, amount=1.0, currency='test', market='test'}, Trade{id=6, timestamp=1, price=1.0, amount=1.0, currency='test', market='test'}, Trade{id=7, timestamp=1, price=1.0, amount=1.0, currency='test', market='test'}, Trade{id=8, timestamp=1, price=1.0, amount=1.0, currency='test', market='test'}, Trade{id=9, timestamp=1, price=1.0, amount=1.0, currency='test', market='test'}, Trade{id=10, timestamp=1, price=1.0, amount=1.0, currency='test', market='test'}, Trade{id=11, timestamp=1, price=1.0, amount=1.0, currency='test', market='test'}, Trade{id=12, timestamp=1, price=1.0, amount=1.0, currency='test', market='test'}])
02:21:20.391 [Test worker] WARN trade-service - .buffer(Duration.ofMillis(100)) onNext([])
]]></system-out>
  <system-err><![CDATA[]]></system-err>
</testsuite>
