<?xml version="1.0" encoding="UTF-8"?>
<testsuite name="DLMTask3Tests" tests="1" skipped="0" failures="0" errors="0" timestamp="2022-12-08T23:33:19" hostname="DESKTOP-OUBC3GQ" time="0.692">
  <properties/>
  <testcase name="testSolution()" classname="DLMTask3Tests" time="0.692"/>
  <system-out><![CDATA[01:33:19.693 [Test worker] DEBUG reactor.util.Loggers - Using Slf4j logging framework
01:33:19.699 [Test worker] DEBUG reactor.core.publisher.Hooks - Hooking onEachOperator: DLMTask3Tests$$Lambda$337/0x00000001001fc840@e8df99a
01:33:19.868 [Test worker] DEBUG io.micrometer.core.util.internal.logging.InternalLoggerFactory - Using SLF4J as the default logging framework
01:33:19.974 [Test worker] INFO After PublisherOn - | onSubscribe([Fuseable] FluxPublishOn.PublishOnSubscriber)
01:33:19.980 [Test worker] INFO After PublisherOn - | request(unbounded)
01:33:20.058 [single-1] INFO After PublisherOn - | onNext(0)
01:33:20.061 [single-1] INFO After PublisherOn - | onNext(1)
01:33:20.069 [single-1] INFO After PublisherOn - | onNext(2)
01:33:20.084 [single-1] INFO After PublisherOn - | onNext(3)
01:33:20.084 [single-1] INFO After PublisherOn - | onNext(4)
01:33:20.099 [single-1] INFO After PublisherOn - | onNext(5)
01:33:20.115 [single-1] INFO After PublisherOn - | onNext(6)
01:33:20.115 [single-1] INFO After PublisherOn - | onNext(7)
01:33:20.130 [single-1] INFO After PublisherOn - | onNext(8)
01:33:20.145 [single-1] INFO After PublisherOn - | onNext(9)
01:33:20.148 [single-1] INFO After PublisherOn - | cancel()
01:33:20.250 [Test worker] DEBUG reactor.core.publisher.Hooks - Reset to factory defaults : onEachOperator
]]></system-out>
  <system-err><![CDATA[]]></system-err>
</testsuite>
