<?xml version="1.0" encoding="UTF-8"?>
<testsuite name="ResilienceTask9Tests" tests="2" skipped="0" failures="0" errors="0" timestamp="2022-11-26T03:33:44" hostname="DESKTOP-OUBC3GQ" time="0.352">
  <properties/>
  <testcase name="testSolution()" classname="ResilienceTask9Tests" time="0.345"/>
  <testcase name="testSolution1()" classname="ResilienceTask9Tests" time="0.006"/>
  <system-out><![CDATA[05:33:44.315 [Test worker] DEBUG reactor.util.Loggers - Using Slf4j logging framework
]]></system-out>
  <system-err><![CDATA[]]></system-err>
</testsuite>
