<?xml version="1.0" encoding="UTF-8"?>
<testsuite name="DLMTask1Tests" tests="1" skipped="0" failures="0" errors="0" timestamp="2022-12-08T23:29:53" hostname="DESKTOP-OUBC3GQ" time="4.359">
  <properties/>
  <testcase name="testSolution()" classname="DLMTask1Tests" time="4.359"/>
  <system-out><![CDATA[01:29:53.350 [Test worker] DEBUG reactor.util.Loggers - Using Slf4j logging framework
01:29:55.843 [Test worker] DEBUG reactor.core.publisher.Hooks - Enabling stacktrace debugging via onOperatorDebug
01:29:56.066 [single-1] INFO reactor.Flux.OnAssembly.1 - | onSubscribe([Fuseable] FluxOnAssembly.OnAssemblySubscriber)
01:29:56.091 [single-1] INFO reactor.Flux.OnAssembly.1 - | request(unbounded)
01:29:56.413 [single-1] INFO reactor.Flux.OnAssembly.1 - | onNext(1)
01:29:56.521 [single-1] INFO reactor.Flux.OnAssembly.1 - | onNext(0)
01:29:56.631 [single-1] INFO reactor.Flux.OnAssembly.1 - | onNext(0)
01:29:56.742 [single-1] INFO reactor.Flux.OnAssembly.1 - | onNext(0)
01:29:56.851 [single-1] INFO reactor.Flux.OnAssembly.1 - | onNext(0)
01:29:56.960 [single-1] INFO reactor.Flux.OnAssembly.1 - | onNext(0)
01:29:57.071 [single-1] INFO reactor.Flux.OnAssembly.1 - | onNext(1)
01:29:57.179 [single-1] INFO reactor.Flux.OnAssembly.1 - | onNext(1)
01:29:57.289 [single-1] INFO reactor.Flux.OnAssembly.1 - | onNext(1)
01:29:57.398 [single-1] INFO reactor.Flux.OnAssembly.1 - | onNext(1)
01:29:57.403 [single-1] INFO reactor.Flux.OnAssembly.1 - | cancel()
]]></system-out>
  <system-err><![CDATA[]]></system-err>
</testsuite>
