<?xml version="1.0" encoding="UTF-8"?>
<testsuite name="ResilienceTask7Tests" tests="1" skipped="0" failures="0" errors="0" timestamp="2022-11-26T03:25:26" hostname="DESKTOP-OUBC3GQ" time="0.324">
  <properties/>
  <testcase name="testSolution()" classname="ResilienceTask7Tests" time="0.324"/>
  <system-out><![CDATA[05:25:26.547 [Test worker] DEBUG reactor.util.Loggers - Using Slf4j logging framework
]]></system-out>
  <system-err><![CDATA[]]></system-err>
</testsuite>
