<?xml version="1.0" encoding="UTF-8"?>
<testsuite name="ResilienceTask4Tests" tests="1" skipped="0" failures="0" errors="0" timestamp="2022-11-26T03:14:45" hostname="DESKTOP-OUBC3GQ" time="0.35">
  <properties/>
  <testcase name="testSolution()" classname="ResilienceTask4Tests" time="0.35"/>
  <system-out><![CDATA[05:14:46.090 [Test worker] DEBUG reactor.util.Loggers - Using Slf4j logging framework
]]></system-out>
  <system-err><![CDATA[]]></system-err>
</testsuite>
