<?xml version="1.0" encoding="UTF-8"?>
<testsuite name="ResilienceTask5Tests" tests="1" skipped="0" failures="0" errors="0" timestamp="2022-11-26T03:17:50" hostname="DESKTOP-OUBC3GQ" time="1.382">
  <properties/>
  <testcase name="testSolution()" classname="ResilienceTask5Tests" time="1.382"/>
  <system-out><![CDATA[05:17:50.164 [Test worker] DEBUG reactor.util.Loggers - Using Slf4j logging framework
]]></system-out>
  <system-err><![CDATA[]]></system-err>
</testsuite>
