<?xml version="1.0" encoding="UTF-8"?>
<testsuite name="ResilienceTask3Tests" tests="1" skipped="0" failures="0" errors="0" timestamp="2022-11-26T03:13:00" hostname="DESKTOP-OUBC3GQ" time="1.08">
  <properties/>
  <testcase name="testSolution()" classname="ResilienceTask3Tests" time="1.08"/>
  <system-out><![CDATA[05:13:01.783 [Test worker] DEBUG reactor.util.Loggers - Using Slf4j logging framework
]]></system-out>
  <system-err><![CDATA[]]></system-err>
</testsuite>
