<?xml version="1.0" encoding="UTF-8"?>
<testsuite name="CPTask3Tests" tests="1" skipped="0" failures="0" errors="0" timestamp="2022-12-08T23:49:53" hostname="DESKTOP-OUBC3GQ" time="7.446">
  <properties/>
  <testcase name="findVideoTest()" classname="CPTask3Tests" time="7.446"/>
  <system-out><![CDATA[01:49:53.637 [Test worker] DEBUG reactor.util.Loggers - Using Slf4j logging framework
]]></system-out>
  <system-err><![CDATA[]]></system-err>
</testsuite>
